<?xml version="1.0" encoding="UTF-8"?>
<testsuite xmlns:xsi="http://www.w3.org/2001/XMLSchema-instance" xsi:noNamespaceSchemaLocation="https://maven.apache.org/surefire/maven-surefire-plugin/xsd/surefire-test-report.xsd" version="3.0.2" name="com.Venkatesh.MyPortfolio.MyPortfolioApplicationTests" time="9.629" tests="1" errors="0" skipped="0" failures="0">
  <properties>
[...]
</properties>
  <testcase name="contextLoads" classname="com.Venkatesh.MyPortfolio.MyPortfolioApplicationTests" time="2.522">
    <system-out><![CDATA[23:29:32.635 [main] INFO org.springframework.test.context.support.AnnotationConfigContextLoaderUtils -- Could not detect default configuration classes for test class [com.Venkatesh.MyPortfolio.MyPortfolioApplicationTests]: MyPortfolioApplicationTests does not declare any static, non-private, non-final, nested classes annotated with @Configuration.
23:29:33.129 [main] INFO org.springframework.boot.test.context.SpringBootTestContextBootstrapper -- Found @SpringBootConfiguration com.Venkatesh.MyPortfolio.MyPortfolioApplication for test class com.Venkatesh.MyPortfolio.MyPortfolioApplicationTests
23:29:33.781 [main] INFO org.springframework.boot.devtools.restart.RestartApplicationListener -- Restart disabled due to context in which it is running

  .   ____          _            __ _ _
 /\\ / ___'_ __ _ _(_)_ __  __ _ \ \ \ \
( ( )\___ | '_ | '_| | '_ \/ _` | \ \ \ \
 \\/  ___)| |_)| | | | | || (_| |  ) ) ) )
  '  |____| .__|_| |_|_| |_\__, | / / / /
 =========|_|==============|___/=/_/_/_/

 :: Spring Boot ::                (v3.5.3)

2025-07-13T23:29:34.798+05:30  INFO 2692 --- [MyPortfolio] [           main] c.V.M.MyPortfolioApplicationTests        : Starting MyPortfolioApplicationTests using Java 17.0.6 with PID 2692 (started by VENKEY-PC in C:\Users\VENKEY-PC\Downloads\MyPortfolio)
2025-07-13T23:29:34.803+05:30  INFO 2692 --- [MyPortfolio] [           main] c.V.M.MyPortfolioApplicationTests        : No active profile set, falling back to 1 default profile: "default"
2025-07-13T23:29:39.148+05:30  INFO 2692 --- [MyPortfolio] [           main] c.V.M.MyPortfolioApplicationTests        : Started MyPortfolioApplicationTests in 5.413 seconds (process running for 9.001)
]]></system-out>
  </testcase>
</testsuite>